
*** Running vivado
    with args -log Pong.vds -m64 -product Vivado -mode batch -messageDb vivado.pb -notrace -source Pong.tcl


****** Vivado v2018.2 (64-bit)
  **** SW Build 2258646 on Thu Jun 14 20:03:12 MDT 2018
  **** IP Build 2256618 on Thu Jun 14 22:10:49 MDT 2018
    ** Copyright 1986-2018 Xilinx, Inc. All Rights Reserved.

source Pong.tcl -notrace
Command: synth_design -top Pong -part xc7a35tcpg236-1
Starting synth_design
Attempting to get a license for feature 'Synthesis' and/or device 'xc7a35t'
INFO: [Common 17-349] Got license for feature 'Synthesis' and/or device 'xc7a35t'
INFO: Launching helper process for spawning children vivado processes
INFO: Helper process launched with PID 51016 
---------------------------------------------------------------------------------
Starting RTL Elaboration : Time (s): cpu = 00:00:01 ; elapsed = 00:00:01 . Memory (MB): peak = 356.520 ; gain = 99.898
---------------------------------------------------------------------------------
INFO: [Synth 8-6157] synthesizing module 'Pong' [C:/Users/yongs/Desktop/EE2026/Final_Project/FDP/FDP.srcs/sources_1/new/Pong.v:3]
INFO: [Synth 8-6157] synthesizing module 'Clock_Divider' [C:/Users/yongs/Desktop/EE2026/Final_Project/FDP/FDP.srcs/sources_1/new/Clock_Divider.v:2]
INFO: [Synth 8-6155] done synthesizing module 'Clock_Divider' (1#1) [C:/Users/yongs/Desktop/EE2026/Final_Project/FDP/FDP.srcs/sources_1/new/Clock_Divider.v:2]
INFO: [Synth 8-6157] synthesizing module 'Oled_Display' [C:/Users/yongs/Desktop/EE2026/Final_Project/FDP/FDP.srcs/sources_1/imports/Desktop/Oled_Display.v:36]
	Parameter Width bound to: 96 - type: integer 
	Parameter Height bound to: 64 - type: integer 
	Parameter PixelCount bound to: 6144 - type: integer 
	Parameter PixelCountWidth bound to: 13 - type: integer 
	Parameter ClkFreq bound to: 6250000 - type: integer 
	Parameter FrameFreq bound to: 60 - type: integer 
	Parameter FrameDiv bound to: 104166 - type: integer 
	Parameter FrameDivWidth bound to: 17 - type: integer 
	Parameter PowerDelay bound to: 20 - type: integer 
	Parameter ResetDelay bound to: 3 - type: integer 
	Parameter VccEnDelay bound to: 20 - type: integer 
	Parameter StartupCompleteDelay bound to: 100 - type: integer 
	Parameter MaxDelay bound to: 100 - type: integer 
	Parameter MaxDelayCount bound to: 625000 - type: integer 
	Parameter StateCount bound to: 32 - type: integer 
	Parameter StateWidth bound to: 5 - type: integer 
	Parameter PowerUp bound to: 5'b00000 
	Parameter Reset bound to: 5'b00001 
	Parameter ReleaseReset bound to: 5'b00011 
	Parameter EnableDriver bound to: 5'b00010 
	Parameter DisplayOff bound to: 5'b00110 
	Parameter SetRemapDisplayFormat bound to: 5'b00111 
	Parameter SetStartLine bound to: 5'b00101 
	Parameter SetOffset bound to: 5'b00100 
	Parameter SetNormalDisplay bound to: 5'b01100 
	Parameter SetMultiplexRatio bound to: 5'b01101 
	Parameter SetMasterConfiguration bound to: 5'b01111 
	Parameter DisablePowerSave bound to: 5'b01110 
	Parameter SetPhaseAdjust bound to: 5'b01010 
	Parameter SetDisplayClock bound to: 5'b01011 
	Parameter SetSecondPrechargeA bound to: 5'b01001 
	Parameter SetSecondPrechargeB bound to: 5'b01000 
	Parameter SetSecondPrechargeC bound to: 5'b11000 
	Parameter SetPrechargeLevel bound to: 5'b11001 
	Parameter SetVCOMH bound to: 5'b11011 
	Parameter SetMasterCurrent bound to: 5'b11010 
	Parameter SetContrastA bound to: 5'b11110 
	Parameter SetContrastB bound to: 5'b11111 
	Parameter SetContrastC bound to: 5'b11101 
	Parameter DisableScrolling bound to: 5'b11100 
	Parameter ClearScreen bound to: 5'b10100 
	Parameter VccEn bound to: 5'b10101 
	Parameter DisplayOn bound to: 5'b10111 
	Parameter PrepareNextFrame bound to: 5'b10110 
	Parameter SetColAddress bound to: 5'b10010 
	Parameter SetRowAddress bound to: 5'b10011 
	Parameter WaitNextFrame bound to: 5'b10001 
	Parameter SendPixel bound to: 5'b10000 
	Parameter SpiCommandMaxWidth bound to: 40 - type: integer 
	Parameter SpiCommandBitCountWidth bound to: 6 - type: integer 
INFO: [Synth 8-226] default block is never used [C:/Users/yongs/Desktop/EE2026/Final_Project/FDP/FDP.srcs/sources_1/imports/Desktop/Oled_Display.v:123]
INFO: [Synth 8-226] default block is never used [C:/Users/yongs/Desktop/EE2026/Final_Project/FDP/FDP.srcs/sources_1/imports/Desktop/Oled_Display.v:198]
WARNING: [Synth 8-693] zero replication count - replication ignored [C:/Users/yongs/Desktop/EE2026/Final_Project/FDP/FDP.srcs/sources_1/imports/Desktop/Oled_Display.v:346]
INFO: [Synth 8-6155] done synthesizing module 'Oled_Display' (2#1) [C:/Users/yongs/Desktop/EE2026/Final_Project/FDP/FDP.srcs/sources_1/imports/Desktop/Oled_Display.v:36]
INFO: [Synth 8-638] synthesizing module 'MouseCtl' [C:/Users/yongs/Desktop/EE2026/Final_Project/FDP/FDP.srcs/sources_1/imports/Desktop/Mouse_Control.vhd:212]
	Parameter SYSCLK_FREQUENCY_HZ bound to: 100000000 - type: integer 
	Parameter CHECK_PERIOD_MS bound to: 500 - type: integer 
	Parameter TIMEOUT_PERIOD_MS bound to: 100 - type: integer 
INFO: [Synth 8-3491] module 'Ps2Interface' declared at 'C:/Users/yongs/Desktop/EE2026/Final_Project/FDP/FDP.srcs/sources_1/imports/Desktop/Ps2Interface.vhd:156' bound to instance 'Inst_Ps2Interface' of component 'Ps2Interface' [C:/Users/yongs/Desktop/EE2026/Final_Project/FDP/FDP.srcs/sources_1/imports/Desktop/Mouse_Control.vhd:374]
INFO: [Synth 8-638] synthesizing module 'Ps2Interface' [C:/Users/yongs/Desktop/EE2026/Final_Project/FDP/FDP.srcs/sources_1/imports/Desktop/Ps2Interface.vhd:184]
INFO: [Synth 8-256] done synthesizing module 'Ps2Interface' (3#1) [C:/Users/yongs/Desktop/EE2026/Final_Project/FDP/FDP.srcs/sources_1/imports/Desktop/Ps2Interface.vhd:184]
WARNING: [Synth 8-6014] Unused sequential element inc_reg was removed.  [C:/Users/yongs/Desktop/EE2026/Final_Project/FDP/FDP.srcs/sources_1/imports/Desktop/Mouse_Control.vhd:455]
WARNING: [Synth 8-6014] Unused sequential element x_inter_reg was removed.  [C:/Users/yongs/Desktop/EE2026/Final_Project/FDP/FDP.srcs/sources_1/imports/Desktop/Mouse_Control.vhd:461]
WARNING: [Synth 8-6014] Unused sequential element inc_reg was removed.  [C:/Users/yongs/Desktop/EE2026/Final_Project/FDP/FDP.srcs/sources_1/imports/Desktop/Mouse_Control.vhd:519]
WARNING: [Synth 8-6014] Unused sequential element y_inter_reg was removed.  [C:/Users/yongs/Desktop/EE2026/Final_Project/FDP/FDP.srcs/sources_1/imports/Desktop/Mouse_Control.vhd:525]
INFO: [Synth 8-256] done synthesizing module 'MouseCtl' (4#1) [C:/Users/yongs/Desktop/EE2026/Final_Project/FDP/FDP.srcs/sources_1/imports/Desktop/Mouse_Control.vhd:212]
WARNING: [Synth 8-689] width (11) of port connection 'value' does not match port width (12) of module 'MouseCtl' [C:/Users/yongs/Desktop/EE2026/Final_Project/FDP/FDP.srcs/sources_1/new/Pong.v:51]
INFO: [Synth 8-6157] synthesizing module 'Paddle' [C:/Users/yongs/Desktop/EE2026/Final_Project/FDP/FDP.srcs/sources_1/new/Paddle.v:1]
	Parameter PADDLE_WIDTH bound to: 14 - type: integer 
	Parameter PADDLE_HEIGHT bound to: 3 - type: integer 
	Parameter X_BOUNDARY bound to: 96 - type: integer 
	Parameter Y_BOUNDARY bound to: 64 - type: integer 
WARNING: [Synth 8-311] ignoring non-constant assignment in initial block [C:/Users/yongs/Desktop/EE2026/Final_Project/FDP/FDP.srcs/sources_1/new/Paddle.v:62]
INFO: [Synth 8-6157] synthesizing module 'Debouncer' [C:/Users/yongs/Desktop/EE2026/Final_Project/FDP/FDP.srcs/sources_1/new/Debouncer.v:1]
INFO: [Synth 8-6155] done synthesizing module 'Debouncer' (5#1) [C:/Users/yongs/Desktop/EE2026/Final_Project/FDP/FDP.srcs/sources_1/new/Debouncer.v:1]
WARNING: [Synth 8-350] instance 'debounce_left' of module 'Debouncer' requires 5 connections, but only 3 given [C:/Users/yongs/Desktop/EE2026/Final_Project/FDP/FDP.srcs/sources_1/new/Paddle.v:41]
INFO: [Synth 8-226] default block is never used [C:/Users/yongs/Desktop/EE2026/Final_Project/FDP/FDP.srcs/sources_1/new/Paddle.v:88]
INFO: [Synth 8-6155] done synthesizing module 'Paddle' (6#1) [C:/Users/yongs/Desktop/EE2026/Final_Project/FDP/FDP.srcs/sources_1/new/Paddle.v:1]
INFO: [Synth 8-6155] done synthesizing module 'Pong' (7#1) [C:/Users/yongs/Desktop/EE2026/Final_Project/FDP/FDP.srcs/sources_1/new/Pong.v:3]
WARNING: [Synth 8-3331] design Pong has unconnected port JC[2]
---------------------------------------------------------------------------------
Finished RTL Elaboration : Time (s): cpu = 00:00:01 ; elapsed = 00:00:02 . Memory (MB): peak = 412.215 ; gain = 155.594
---------------------------------------------------------------------------------

Report Check Netlist: 
+------+------------------+-------+---------+-------+------------------+
|      |Item              |Errors |Warnings |Status |Description       |
+------+------------------+-------+---------+-------+------------------+
|1     |multi_driven_nets |      0|        0|Passed |Multi driven nets |
+------+------------------+-------+---------+-------+------------------+
---------------------------------------------------------------------------------
Start Handling Custom Attributes
---------------------------------------------------------------------------------
---------------------------------------------------------------------------------
Finished Handling Custom Attributes : Time (s): cpu = 00:00:01 ; elapsed = 00:00:02 . Memory (MB): peak = 412.215 ; gain = 155.594
---------------------------------------------------------------------------------
---------------------------------------------------------------------------------
Finished RTL Optimization Phase 1 : Time (s): cpu = 00:00:01 ; elapsed = 00:00:02 . Memory (MB): peak = 412.215 ; gain = 155.594
---------------------------------------------------------------------------------
INFO: [Device 21-403] Loading part xc7a35tcpg236-1
INFO: [Project 1-570] Preparing netlist for logic optimization

Processing XDC Constraints
Initializing timing engine
Parsing XDC File [C:/Users/yongs/Desktop/EE2026/Final_Project/FDP/FDP.srcs/constrs_1/new/constraints.xdc]
Finished Parsing XDC File [C:/Users/yongs/Desktop/EE2026/Final_Project/FDP/FDP.srcs/constrs_1/new/constraints.xdc]
INFO: [Project 1-236] Implementation specific constraints were found while reading constraint file [C:/Users/yongs/Desktop/EE2026/Final_Project/FDP/FDP.srcs/constrs_1/new/constraints.xdc]. These constraints will be ignored for synthesis but will be used in implementation. Impacted constraints are listed in the file [.Xil/Pong_propImpl.xdc].
Resolution: To avoid this warning, move constraints listed in [.Xil/Pong_propImpl.xdc] to another XDC file and exclude this new file from synthesis with the used_in_synthesis property (File Properties dialog in GUI) and re-run elaboration/synthesis.
Completed Processing XDC Constraints

INFO: [Project 1-111] Unisim Transformation Summary:
No Unisim elements were transformed.

Constraint Validation Runtime : Time (s): cpu = 00:00:00 ; elapsed = 00:00:00.002 . Memory (MB): peak = 752.336 ; gain = 0.000
---------------------------------------------------------------------------------
Finished Constraint Validation : Time (s): cpu = 00:00:05 ; elapsed = 00:00:09 . Memory (MB): peak = 752.336 ; gain = 495.715
---------------------------------------------------------------------------------
---------------------------------------------------------------------------------
Start Loading Part and Timing Information
---------------------------------------------------------------------------------
Loading part: xc7a35tcpg236-1
---------------------------------------------------------------------------------
Finished Loading Part and Timing Information : Time (s): cpu = 00:00:05 ; elapsed = 00:00:09 . Memory (MB): peak = 752.336 ; gain = 495.715
---------------------------------------------------------------------------------
---------------------------------------------------------------------------------
Start Applying 'set_property' XDC Constraints
---------------------------------------------------------------------------------
---------------------------------------------------------------------------------
Finished applying 'set_property' XDC Constraints : Time (s): cpu = 00:00:05 ; elapsed = 00:00:09 . Memory (MB): peak = 752.336 ; gain = 495.715
---------------------------------------------------------------------------------
INFO: [Synth 8-5545] ROM "SLOW_CLOCK0" won't be mapped to RAM because address size (32) is larger than maximum supported(25)
INFO: [Synth 8-802] inferred FSM for state register 'state_reg' in module 'Oled_Display'
INFO: [Synth 8-5546] ROM "fsm_next_state0" won't be mapped to RAM because it is too sparse
INFO: [Synth 8-5544] ROM "fsm_next_state0" won't be mapped to Block RAM because address size (1) smaller than threshold (5)
INFO: [Synth 8-5546] ROM "fsm_next_state0" won't be mapped to RAM because it is too sparse
INFO: [Synth 8-802] inferred FSM for state register 'state_reg' in module 'Ps2Interface'
INFO: [Synth 8-5546] ROM "reset_bit_count" won't be mapped to RAM because it is too sparse
INFO: [Synth 8-5546] ROM "busy" won't be mapped to RAM because it is too sparse
INFO: [Synth 8-5546] ROM "read_data" won't be mapped to RAM because it is too sparse
INFO: [Synth 8-5546] ROM "load_tx_data" won't be mapped to RAM because it is too sparse
INFO: [Synth 8-5546] ROM "ps2_clk_h" won't be mapped to RAM because it is too sparse
INFO: [Synth 8-5546] ROM "delay_100us_counter_enable" won't be mapped to RAM because it is too sparse
INFO: [Synth 8-5546] ROM "delay_20us_counter_enable" won't be mapped to RAM because it is too sparse
INFO: [Synth 8-5546] ROM "delay_63clk_counter_enable" won't be mapped to RAM because it is too sparse
INFO: [Synth 8-5544] ROM "state" won't be mapped to Block RAM because address size (1) smaller than threshold (5)
INFO: [Synth 8-5544] ROM "state" won't be mapped to Block RAM because address size (1) smaller than threshold (5)
INFO: [Synth 8-5544] ROM "state" won't be mapped to Block RAM because address size (1) smaller than threshold (5)
INFO: [Synth 8-5544] ROM "state" won't be mapped to Block RAM because address size (1) smaller than threshold (5)
INFO: [Synth 8-5544] ROM "state" won't be mapped to Block RAM because address size (1) smaller than threshold (5)
INFO: [Synth 8-5544] ROM "state" won't be mapped to Block RAM because address size (1) smaller than threshold (5)
INFO: [Synth 8-5544] ROM "state" won't be mapped to Block RAM because address size (1) smaller than threshold (5)
INFO: [Synth 8-5544] ROM "state" won't be mapped to Block RAM because address size (1) smaller than threshold (5)
INFO: [Synth 8-5544] ROM "state" won't be mapped to Block RAM because address size (1) smaller than threshold (5)
INFO: [Synth 8-5544] ROM "state" won't be mapped to Block RAM because address size (1) smaller than threshold (5)
INFO: [Synth 8-5544] ROM "state" won't be mapped to Block RAM because address size (1) smaller than threshold (5)
INFO: [Synth 8-5544] ROM "state" won't be mapped to Block RAM because address size (1) smaller than threshold (5)
INFO: [Synth 8-5544] ROM "state" won't be mapped to Block RAM because address size (1) smaller than threshold (5)
INFO: [Synth 8-802] inferred FSM for state register 'state_reg' in module 'MouseCtl'
INFO: [Synth 8-5545] ROM "periodic_check_tick" won't be mapped to RAM because address size (26) is larger than maximum supported(25)
INFO: [Synth 8-5546] ROM "timeout" won't be mapped to RAM because it is too sparse
INFO: [Synth 8-5546] ROM "reset_periodic_check_cnt" won't be mapped to RAM because it is too sparse
INFO: [Synth 8-5546] ROM "new_event" won't be mapped to RAM because it is too sparse
INFO: [Synth 8-5544] ROM "state" won't be mapped to Block RAM because address size (1) smaller than threshold (5)
INFO: [Synth 8-5544] ROM "state" won't be mapped to Block RAM because address size (1) smaller than threshold (5)
INFO: [Synth 8-5544] ROM "state" won't be mapped to Block RAM because address size (1) smaller than threshold (5)
INFO: [Synth 8-5544] ROM "state" won't be mapped to Block RAM because address size (1) smaller than threshold (5)
INFO: [Synth 8-5544] ROM "state" won't be mapped to Block RAM because address size (1) smaller than threshold (5)
INFO: [Synth 8-5544] ROM "state" won't be mapped to Block RAM because address size (1) smaller than threshold (5)
INFO: [Synth 8-5544] ROM "state" won't be mapped to Block RAM because address size (1) smaller than threshold (5)
INFO: [Synth 8-5544] ROM "state" won't be mapped to Block RAM because address size (1) smaller than threshold (5)
INFO: [Synth 8-5544] ROM "state" won't be mapped to Block RAM because address size (1) smaller than threshold (5)
INFO: [Synth 8-5544] ROM "state" won't be mapped to Block RAM because address size (1) smaller than threshold (5)
INFO: [Synth 8-5544] ROM "state" won't be mapped to Block RAM because address size (1) smaller than threshold (5)
INFO: [Synth 8-5544] ROM "state" won't be mapped to Block RAM because address size (1) smaller than threshold (5)
INFO: [Synth 8-5544] ROM "state" won't be mapped to Block RAM because address size (1) smaller than threshold (5)
INFO: [Synth 8-5544] ROM "state" won't be mapped to Block RAM because address size (1) smaller than threshold (5)
INFO: [Synth 8-5544] ROM "state" won't be mapped to Block RAM because address size (1) smaller than threshold (5)
INFO: [Synth 8-5544] ROM "state" won't be mapped to Block RAM because address size (1) smaller than threshold (5)
INFO: [Synth 8-5544] ROM "state" won't be mapped to Block RAM because address size (1) smaller than threshold (5)
INFO: [Synth 8-5544] ROM "state" won't be mapped to Block RAM because address size (1) smaller than threshold (5)
INFO: [Synth 8-5544] ROM "state" won't be mapped to Block RAM because address size (1) smaller than threshold (5)
INFO: [Synth 8-5544] ROM "state" won't be mapped to Block RAM because address size (1) smaller than threshold (5)
INFO: [Synth 8-5544] ROM "state" won't be mapped to Block RAM because address size (1) smaller than threshold (5)
INFO: [Synth 8-5544] ROM "state" won't be mapped to Block RAM because address size (1) smaller than threshold (5)
INFO: [Synth 8-5544] ROM "state" won't be mapped to Block RAM because address size (1) smaller than threshold (5)
INFO: [Synth 8-5544] ROM "state" won't be mapped to Block RAM because address size (1) smaller than threshold (5)
INFO: [Synth 8-5544] ROM "state" won't be mapped to Block RAM because address size (1) smaller than threshold (5)
INFO: [Synth 8-5544] ROM "state" won't be mapped to Block RAM because address size (1) smaller than threshold (5)
INFO: [Synth 8-5544] ROM "state" won't be mapped to Block RAM because address size (1) smaller than threshold (5)
INFO: [Synth 8-5544] ROM "state" won't be mapped to Block RAM because address size (1) smaller than threshold (5)
INFO: [Synth 8-5544] ROM "state" won't be mapped to Block RAM because address size (1) smaller than threshold (5)
INFO: [Synth 8-5544] ROM "state" won't be mapped to Block RAM because address size (1) smaller than threshold (5)
INFO: [Synth 8-5544] ROM "state" won't be mapped to Block RAM because address size (1) smaller than threshold (5)
INFO: [Synth 8-5544] ROM "state" won't be mapped to Block RAM because address size (1) smaller than threshold (5)
INFO: [Synth 8-5544] ROM "state" won't be mapped to Block RAM because address size (1) smaller than threshold (5)
INFO: [Synth 8-5544] ROM "state" won't be mapped to Block RAM because address size (1) smaller than threshold (5)
INFO: [Synth 8-5544] ROM "state" won't be mapped to Block RAM because address size (1) smaller than threshold (5)
INFO: [Synth 8-5544] ROM "state" won't be mapped to Block RAM because address size (1) smaller than threshold (5)
INFO: [Synth 8-5544] ROM "state" won't be mapped to Block RAM because address size (1) smaller than threshold (5)
INFO: [Synth 8-5544] ROM "state" won't be mapped to Block RAM because address size (1) smaller than threshold (5)
INFO: [Synth 8-5544] ROM "state" won't be mapped to Block RAM because address size (1) smaller than threshold (5)
---------------------------------------------------------------------------------------------------
                   State |                     New Encoding |                Previous Encoding 
---------------------------------------------------------------------------------------------------
                 PowerUp | 00000000100000000000000000000000 |                            00000
                   Reset | 00000000000100000000000000000000 |                            00001
            ReleaseReset | 00000000000000000000100000000000 |                            00011
            EnableDriver | 00000000000000000001000000000000 |                            00010
              DisplayOff | 00000000000000000100000000000000 |                            00110
   SetRemapDisplayFormat | 00000100000000000000000000000000 |                            00111
            SetStartLine | 00001000000000000000000000000000 |                            00101
               SetOffset | 10000000000000000000000000000000 |                            00100
        SetNormalDisplay | 00000000000000000000000010000000 |                            01100
       SetMultiplexRatio | 00000000000000000000000000100000 |                            01101
  SetMasterConfiguration | 00000000000000000000000001000000 |                            01111
        DisablePowerSave | 00000000000000000000000000000100 |                            01110
          SetPhaseAdjust | 00000000000000000000000000001000 |                            01010
         SetDisplayClock | 00000000001000000000000000000000 |                            01011
     SetSecondPrechargeA | 00000000010000000000000000000000 |                            01001
     SetSecondPrechargeB | 01000000000000000000000000000000 |                            01000
     SetSecondPrechargeC | 00000010000000000000000000000000 |                            11000
       SetPrechargeLevel | 00000001000000000000000000000000 |                            11001
                SetVCOMH | 00000000000000010000000000000000 |                            11011
        SetMasterCurrent | 00000000000000100000000000000000 |                            11010
            SetContrastA | 00000000000001000000000000000000 |                            11110
            SetContrastB | 00100000000000000000000000000000 |                            11111
            SetContrastC | 00000000000000000000000000000001 |                            11101
        DisableScrolling | 00000000000000000000000000000010 |                            11100
             ClearScreen | 00000000000000000000000000010000 |                            10100
                   VccEn | 00010000000000000000000000000000 |                            10101
               DisplayOn | 00000000000010000000000000000000 |                            10111
        PrepareNextFrame | 00000000000000001000000000000000 |                            10110
           SetColAddress | 00000000000000000000010000000000 |                            10010
           SetRowAddress | 00000000000000000000000100000000 |                            10011
           WaitNextFrame | 00000000000000000000001000000000 |                            10001
               SendPixel | 00000000000000000010000000000000 |                            10000
---------------------------------------------------------------------------------------------------
INFO: [Synth 8-3354] encoded FSM with state register 'state_reg' using encoding 'one-hot' in module 'Oled_Display'
---------------------------------------------------------------------------------------------------
                   State |                     New Encoding |                Previous Encoding 
---------------------------------------------------------------------------------------------------
                    idle |                00000000000000001 |                            00000
            rx_down_edge |                00000000000000010 |                            00011
                rx_clk_l |                00000000000000100 |                            00010
                rx_clk_h |                00000000000001000 |                            00001
         rx_error_parity |                00000000000010000 |                            00100
           rx_data_ready |                00000000000100000 |                            00101
          tx_force_clk_l |                00000000001000000 |                            00110
      tx_bring_data_down |                00000000010000000 |                            00111
          tx_release_clk |                00000000100000000 |                            01000
 tx_first_wait_down_edge |                00000001000000000 |                            01001
                tx_clk_l |                00000010000000000 |                            01010
         tx_wait_up_edge |                00000100000000000 |                            01011
tx_wait_up_edge_before_ack |                00001000000000000 |                            01101
             tx_wait_ack |                00010000000000000 |                            01110
         tx_received_ack |                00100000000000000 |                            01111
         tx_error_no_ack |                01000000000000000 |                            10000
                tx_clk_h |                10000000000000000 |                            01100
---------------------------------------------------------------------------------------------------
INFO: [Synth 8-3354] encoded FSM with state register 'state_reg' using encoding 'one-hot' in module 'Ps2Interface'
---------------------------------------------------------------------------------------------------
                   State |                     New Encoding |                Previous Encoding 
---------------------------------------------------------------------------------------------------
                   reset | 0000000000000000000000000000000000001 |                           000000
          reset_wait_ack | 0000000000000000000000000000000000010 |                           000001
reset_wait_bat_completion | 0000000000000000000000000000000000100 |                           000010
           reset_wait_id | 0000000000000000000000000000000001000 |                           000011
reset_set_sample_rate_200 | 0000000000000000000000000000000010000 |                           000100
reset_set_sample_rate_200_wait_ack | 0000000000000000000000000000000100000 |                           000101
reset_send_sample_rate_200 | 0000000000000000000000000000001000000 |                           000110
reset_send_sample_rate_200_wait_ack | 0000000000000000000000000000010000000 |                           000111
reset_set_sample_rate_100 | 0000000000000000000000000000100000000 |                           001000
reset_set_sample_rate_100_wait_ack | 0000000000000000000000000001000000000 |                           001001
reset_send_sample_rate_100 | 0000000000000000000000000010000000000 |                           001010
reset_send_sample_rate_100_wait_ack | 0000000000000000000000000100000000000 |                           001011
reset_set_sample_rate_80 | 0000000000000000000000001000000000000 |                           001100
reset_set_sample_rate_80_wait_ack | 0000000000000000000000010000000000000 |                           001101
reset_send_sample_rate_80 | 0000000000000000000000100000000000000 |                           001110
reset_send_sample_rate_80_wait_ack | 0000000000000000000001000000000000000 |                           001111
           reset_read_id | 0000000000000000000010000000000000000 |                           010000
  reset_read_id_wait_ack | 0000000000000000000100000000000000000 |                           010001
   reset_read_id_wait_id | 0000000000000000001000000000000000000 |                           010010
    reset_set_resolution | 0000000000000000010000000000000000000 |                           010011
reset_set_resolution_wait_ack | 0000000000000000100000000000000000000 |                           010100
   reset_send_resolution | 0000000000000001000000000000000000000 |                           010101
reset_send_resolution_wait_ack | 0000000000000010000000000000000000000 |                           010110
reset_set_sample_rate_40 | 0000000000000100000000000000000000000 |                           010111
reset_set_sample_rate_40_wait_ack | 0000000000001000000000000000000000000 |                           011000
reset_send_sample_rate_40 | 0000000000010000000000000000000000000 |                           011001
reset_send_sample_rate_40_wait_ack | 0000000000100000000000000000000000000 |                           011010
  reset_enable_reporting | 0000000001000000000000000000000000000 |                           011011
reset_enable_reporting_wait_ack | 0000000010000000000000000000000000000 |                           011100
             read_byte_1 | 0000000100000000000000000000000000000 |                           011101
             read_byte_2 | 0000001000000000000000000000000000000 |                           011110
             read_byte_3 | 0000010000000000000000000000000000000 |                           011111
             read_byte_4 | 0000100000000000000000000000000000000 |                           100000
          mark_new_event | 0001000000000000000000000000000000000 |                           100100
           check_read_id | 0010000000000000000000000000000000000 |                           100001
  check_read_id_wait_ack | 0100000000000000000000000000000000000 |                           100010
   check_read_id_wait_id | 1000000000000000000000000000000000000 |                           100011
---------------------------------------------------------------------------------------------------
INFO: [Synth 8-3354] encoded FSM with state register 'state_reg' using encoding 'one-hot' in module 'MouseCtl'
---------------------------------------------------------------------------------
Finished RTL Optimization Phase 2 : Time (s): cpu = 00:00:06 ; elapsed = 00:00:10 . Memory (MB): peak = 752.336 ; gain = 495.715
---------------------------------------------------------------------------------

Report RTL Partitions: 
+-+--------------+------------+----------+
| |RTL Partition |Replication |Instances |
+-+--------------+------------+----------+
+-+--------------+------------+----------+
---------------------------------------------------------------------------------
Start RTL Component Statistics 
---------------------------------------------------------------------------------
Detailed RTL Component Info : 
+---Adders : 
	   2 Input     26 Bit       Adders := 1     
	   2 Input     24 Bit       Adders := 1     
	   2 Input     17 Bit       Adders := 1     
	   2 Input     12 Bit       Adders := 4     
	   2 Input     11 Bit       Adders := 1     
	   3 Input      9 Bit       Adders := 1     
	   2 Input      8 Bit       Adders := 1     
	   2 Input      7 Bit       Adders := 2     
	   2 Input      6 Bit       Adders := 1     
	   2 Input      4 Bit       Adders := 3     
	   2 Input      2 Bit       Adders := 1     
+---Registers : 
	               40 Bit    Registers := 1     
	               26 Bit    Registers := 1     
	               24 Bit    Registers := 1     
	               17 Bit    Registers := 1     
	               12 Bit    Registers := 6     
	               11 Bit    Registers := 2     
	                8 Bit    Registers := 4     
	                7 Bit    Registers := 2     
	                6 Bit    Registers := 1     
	                5 Bit    Registers := 2     
	                4 Bit    Registers := 5     
	                2 Bit    Registers := 1     
	                1 Bit    Registers := 43    
+---Muxes : 
	   2 Input     40 Bit        Muxes := 3     
	  37 Input     37 Bit        Muxes := 1     
	   2 Input     37 Bit        Muxes := 69    
	  32 Input     32 Bit        Muxes := 1     
	   2 Input     32 Bit        Muxes := 2     
	   2 Input     26 Bit        Muxes := 1     
	   2 Input     24 Bit        Muxes := 1     
	  32 Input     20 Bit        Muxes := 1     
	   2 Input     17 Bit        Muxes := 19    
	  17 Input     17 Bit        Muxes := 1     
	   2 Input     12 Bit        Muxes := 10    
	   2 Input     11 Bit        Muxes := 1     
	   2 Input      9 Bit        Muxes := 2     
	  37 Input      8 Bit        Muxes := 3     
	   2 Input      7 Bit        Muxes := 2     
	  32 Input      6 Bit        Muxes := 1     
	   2 Input      6 Bit        Muxes := 1     
	   2 Input      5 Bit        Muxes := 2     
	  32 Input      5 Bit        Muxes := 1     
	   4 Input      5 Bit        Muxes := 1     
	  37 Input      4 Bit        Muxes := 1     
	   4 Input      4 Bit        Muxes := 1     
	   2 Input      1 Bit        Muxes := 13    
	  17 Input      1 Bit        Muxes := 4     
	  37 Input      1 Bit        Muxes := 20    
---------------------------------------------------------------------------------
Finished RTL Component Statistics 
---------------------------------------------------------------------------------
---------------------------------------------------------------------------------
Start RTL Hierarchical Component Statistics 
---------------------------------------------------------------------------------
Hierarchical RTL Component report 
Module Clock_Divider 
Detailed RTL Component Info : 
+---Registers : 
	                1 Bit    Registers := 1     
+---Muxes : 
	   2 Input      1 Bit        Muxes := 1     
Module Oled_Display 
Detailed RTL Component Info : 
+---Adders : 
	   2 Input     17 Bit       Adders := 1     
	   2 Input      6 Bit       Adders := 1     
+---Registers : 
	               40 Bit    Registers := 1     
	               17 Bit    Registers := 1     
	                6 Bit    Registers := 1     
+---Muxes : 
	   2 Input     40 Bit        Muxes := 3     
	  32 Input     32 Bit        Muxes := 1     
	   2 Input     32 Bit        Muxes := 2     
	  32 Input     20 Bit        Muxes := 1     
	   2 Input     17 Bit        Muxes := 1     
	  32 Input      6 Bit        Muxes := 1     
	   2 Input      6 Bit        Muxes := 1     
	   2 Input      5 Bit        Muxes := 2     
	  32 Input      5 Bit        Muxes := 1     
	   2 Input      1 Bit        Muxes := 2     
Module Ps2Interface 
Detailed RTL Component Info : 
+---Adders : 
	   2 Input     11 Bit       Adders := 1     
	   2 Input      7 Bit       Adders := 1     
	   2 Input      4 Bit       Adders := 3     
+---Registers : 
	               11 Bit    Registers := 2     
	                8 Bit    Registers := 1     
	                7 Bit    Registers := 1     
	                4 Bit    Registers := 3     
	                1 Bit    Registers := 17    
+---Muxes : 
	  17 Input     17 Bit        Muxes := 1     
	   2 Input     17 Bit        Muxes := 18    
	   2 Input     11 Bit        Muxes := 1     
	   2 Input      1 Bit        Muxes := 3     
	  17 Input      1 Bit        Muxes := 4     
Module MouseCtl 
Detailed RTL Component Info : 
+---Adders : 
	   2 Input     26 Bit       Adders := 1     
	   2 Input     24 Bit       Adders := 1     
	   2 Input     12 Bit       Adders := 4     
	   2 Input      8 Bit       Adders := 1     
+---Registers : 
	               26 Bit    Registers := 1     
	               24 Bit    Registers := 1     
	               12 Bit    Registers := 6     
	                8 Bit    Registers := 3     
	                4 Bit    Registers := 1     
	                1 Bit    Registers := 17    
+---Muxes : 
	  37 Input     37 Bit        Muxes := 1     
	   2 Input     37 Bit        Muxes := 69    
	   2 Input     26 Bit        Muxes := 1     
	   2 Input     24 Bit        Muxes := 1     
	   2 Input     12 Bit        Muxes := 10    
	   2 Input      9 Bit        Muxes := 2     
	  37 Input      8 Bit        Muxes := 3     
	  37 Input      4 Bit        Muxes := 1     
	   2 Input      1 Bit        Muxes := 5     
	  37 Input      1 Bit        Muxes := 20    
Module Debouncer 
Detailed RTL Component Info : 
+---Registers : 
	                1 Bit    Registers := 6     
Module Paddle 
Detailed RTL Component Info : 
+---Adders : 
	   3 Input      9 Bit       Adders := 1     
	   2 Input      7 Bit       Adders := 1     
	   2 Input      2 Bit       Adders := 1     
+---Registers : 
	                7 Bit    Registers := 1     
	                5 Bit    Registers := 2     
	                4 Bit    Registers := 1     
	                2 Bit    Registers := 1     
	                1 Bit    Registers := 2     
+---Muxes : 
	   2 Input      7 Bit        Muxes := 2     
	   4 Input      5 Bit        Muxes := 1     
	   4 Input      4 Bit        Muxes := 1     
	   2 Input      1 Bit        Muxes := 2     
---------------------------------------------------------------------------------
Finished RTL Hierarchical Component Statistics
---------------------------------------------------------------------------------
---------------------------------------------------------------------------------
Start Part Resource Summary
---------------------------------------------------------------------------------
Part Resources:
DSPs: 90 (col length:60)
BRAMs: 100 (col length: RAMB18 60 RAMB36 30)
---------------------------------------------------------------------------------
Finished Part Resource Summary
---------------------------------------------------------------------------------
---------------------------------------------------------------------------------
Start Cross Boundary and Area Optimization
---------------------------------------------------------------------------------
Warning: Parallel synthesis criteria is not met 
INFO: [Synth 8-5545] ROM "SLOW_CLOCK0" won't be mapped to RAM because address size (32) is larger than maximum supported(25)
INFO: [Synth 8-5546] ROM "fsm_next_state0" won't be mapped to RAM because it is too sparse
INFO: [Synth 8-5546] ROM "fsm_next_state0" won't be mapped to RAM because it is too sparse
INFO: [Synth 8-5545] ROM "periodic_check_tick" won't be mapped to RAM because address size (26) is larger than maximum supported(25)
INFO: [Synth 8-5546] ROM "timeout" won't be mapped to RAM because it is too sparse
WARNING: [Synth 8-3331] design Pong has unconnected port JC[2]
INFO: [Synth 8-3886] merging instance 'mouse_control/x_max_reg[0]' (FDRE) to 'mouse_control/x_max_reg[1]'
INFO: [Synth 8-3886] merging instance 'mouse_control/x_max_reg[1]' (FDRE) to 'mouse_control/x_max_reg[2]'
INFO: [Synth 8-3886] merging instance 'mouse_control/x_max_reg[2]' (FDRE) to 'mouse_control/x_max_reg[3]'
INFO: [Synth 8-3886] merging instance 'mouse_control/x_max_reg[3]' (FDRE) to 'mouse_control/x_max_reg[4]'
INFO: [Synth 8-3333] propagating constant 0 across sequential element (\mouse_control/x_max_reg[11] )
INFO: [Synth 8-3333] propagating constant 0 across sequential element (\paddle_instance/current_divider_reg[0] )
INFO: [Synth 8-3333] propagating constant 0 across sequential element (\paddle_instance/prev_divider_reg[0] )
INFO: [Synth 8-3886] merging instance 'mouse_control/x_max_reg[4]' (FDRE) to 'mouse_control/x_max_reg[5]'
WARNING: [Synth 8-3332] Sequential element (mouse_control/x_max_reg[11]) is unused and will be removed from module Pong.
WARNING: [Synth 8-3332] Sequential element (mouse_control/y_new_reg) is unused and will be removed from module Pong.
WARNING: [Synth 8-3332] Sequential element (mouse_control/y_overflow_reg) is unused and will be removed from module Pong.
WARNING: [Synth 8-3332] Sequential element (mouse_control/y_inc_reg[7]) is unused and will be removed from module Pong.
WARNING: [Synth 8-3332] Sequential element (mouse_control/y_inc_reg[6]) is unused and will be removed from module Pong.
WARNING: [Synth 8-3332] Sequential element (mouse_control/y_inc_reg[5]) is unused and will be removed from module Pong.
WARNING: [Synth 8-3332] Sequential element (mouse_control/y_inc_reg[4]) is unused and will be removed from module Pong.
WARNING: [Synth 8-3332] Sequential element (mouse_control/y_inc_reg[3]) is unused and will be removed from module Pong.
WARNING: [Synth 8-3332] Sequential element (mouse_control/y_inc_reg[2]) is unused and will be removed from module Pong.
WARNING: [Synth 8-3332] Sequential element (mouse_control/y_inc_reg[1]) is unused and will be removed from module Pong.
WARNING: [Synth 8-3332] Sequential element (mouse_control/y_inc_reg[0]) is unused and will be removed from module Pong.
WARNING: [Synth 8-3332] Sequential element (mouse_control/y_max_reg[11]) is unused and will be removed from module Pong.
WARNING: [Synth 8-3332] Sequential element (mouse_control/y_max_reg[10]) is unused and will be removed from module Pong.
WARNING: [Synth 8-3332] Sequential element (mouse_control/y_max_reg[9]) is unused and will be removed from module Pong.
WARNING: [Synth 8-3332] Sequential element (mouse_control/y_max_reg[8]) is unused and will be removed from module Pong.
WARNING: [Synth 8-3332] Sequential element (mouse_control/y_max_reg[7]) is unused and will be removed from module Pong.
WARNING: [Synth 8-3332] Sequential element (mouse_control/y_max_reg[6]) is unused and will be removed from module Pong.
WARNING: [Synth 8-3332] Sequential element (mouse_control/y_max_reg[5]) is unused and will be removed from module Pong.
WARNING: [Synth 8-3332] Sequential element (mouse_control/y_max_reg[4]) is unused and will be removed from module Pong.
WARNING: [Synth 8-3332] Sequential element (mouse_control/y_max_reg[3]) is unused and will be removed from module Pong.
WARNING: [Synth 8-3332] Sequential element (mouse_control/y_max_reg[2]) is unused and will be removed from module Pong.
WARNING: [Synth 8-3332] Sequential element (mouse_control/y_max_reg[1]) is unused and will be removed from module Pong.
WARNING: [Synth 8-3332] Sequential element (mouse_control/y_max_reg[0]) is unused and will be removed from module Pong.
WARNING: [Synth 8-3332] Sequential element (mouse_control/y_sign_reg) is unused and will be removed from module Pong.
WARNING: [Synth 8-3332] Sequential element (mouse_control/y_pos_reg[11]) is unused and will be removed from module Pong.
WARNING: [Synth 8-3332] Sequential element (mouse_control/y_pos_reg[10]) is unused and will be removed from module Pong.
WARNING: [Synth 8-3332] Sequential element (mouse_control/y_pos_reg[9]) is unused and will be removed from module Pong.
WARNING: [Synth 8-3332] Sequential element (mouse_control/y_pos_reg[8]) is unused and will be removed from module Pong.
WARNING: [Synth 8-3332] Sequential element (mouse_control/y_pos_reg[7]) is unused and will be removed from module Pong.
WARNING: [Synth 8-3332] Sequential element (mouse_control/y_pos_reg[6]) is unused and will be removed from module Pong.
WARNING: [Synth 8-3332] Sequential element (mouse_control/y_pos_reg[5]) is unused and will be removed from module Pong.
WARNING: [Synth 8-3332] Sequential element (mouse_control/y_pos_reg[4]) is unused and will be removed from module Pong.
WARNING: [Synth 8-3332] Sequential element (mouse_control/y_pos_reg[3]) is unused and will be removed from module Pong.
WARNING: [Synth 8-3332] Sequential element (mouse_control/y_pos_reg[2]) is unused and will be removed from module Pong.
WARNING: [Synth 8-3332] Sequential element (mouse_control/y_pos_reg[1]) is unused and will be removed from module Pong.
WARNING: [Synth 8-3332] Sequential element (mouse_control/y_pos_reg[0]) is unused and will be removed from module Pong.
WARNING: [Synth 8-3332] Sequential element (mouse_control/ypos_reg[11]) is unused and will be removed from module Pong.
WARNING: [Synth 8-3332] Sequential element (mouse_control/ypos_reg[10]) is unused and will be removed from module Pong.
WARNING: [Synth 8-3332] Sequential element (mouse_control/ypos_reg[9]) is unused and will be removed from module Pong.
WARNING: [Synth 8-3332] Sequential element (mouse_control/ypos_reg[8]) is unused and will be removed from module Pong.
WARNING: [Synth 8-3332] Sequential element (mouse_control/ypos_reg[7]) is unused and will be removed from module Pong.
WARNING: [Synth 8-3332] Sequential element (mouse_control/ypos_reg[6]) is unused and will be removed from module Pong.
WARNING: [Synth 8-3332] Sequential element (mouse_control/ypos_reg[5]) is unused and will be removed from module Pong.
WARNING: [Synth 8-3332] Sequential element (mouse_control/ypos_reg[4]) is unused and will be removed from module Pong.
WARNING: [Synth 8-3332] Sequential element (mouse_control/ypos_reg[3]) is unused and will be removed from module Pong.
WARNING: [Synth 8-3332] Sequential element (mouse_control/ypos_reg[2]) is unused and will be removed from module Pong.
WARNING: [Synth 8-3332] Sequential element (mouse_control/ypos_reg[1]) is unused and will be removed from module Pong.
WARNING: [Synth 8-3332] Sequential element (mouse_control/ypos_reg[0]) is unused and will be removed from module Pong.
WARNING: [Synth 8-3332] Sequential element (mouse_control/zpos_reg[3]) is unused and will be removed from module Pong.
WARNING: [Synth 8-3332] Sequential element (mouse_control/zpos_reg[2]) is unused and will be removed from module Pong.
WARNING: [Synth 8-3332] Sequential element (mouse_control/zpos_reg[1]) is unused and will be removed from module Pong.
WARNING: [Synth 8-3332] Sequential element (mouse_control/zpos_reg[0]) is unused and will be removed from module Pong.
WARNING: [Synth 8-3332] Sequential element (mouse_control/middle_down_reg) is unused and will be removed from module Pong.
WARNING: [Synth 8-3332] Sequential element (mouse_control/middle_reg) is unused and will be removed from module Pong.
WARNING: [Synth 8-3332] Sequential element (mouse_control/right_down_reg) is unused and will be removed from module Pong.
WARNING: [Synth 8-3332] Sequential element (mouse_control/right_reg) is unused and will be removed from module Pong.
WARNING: [Synth 8-3332] Sequential element (paddle_instance/current_divider_reg[0]) is unused and will be removed from module Pong.
WARNING: [Synth 8-3332] Sequential element (paddle_instance/prev_divider_reg[0]) is unused and will be removed from module Pong.
INFO: [Synth 8-3886] merging instance 'paddle_instance/current_divider_reg[1]' (FDRE) to 'paddle_instance/sens_led_reg[3]'
INFO: [Synth 8-3886] merging instance 'paddle_instance/current_divider_reg[2]' (FDRE) to 'paddle_instance/sens_led_reg[2]'
INFO: [Synth 8-3886] merging instance 'paddle_instance/current_divider_reg[3]' (FDRE) to 'paddle_instance/sens_led_reg[1]'
INFO: [Synth 8-3886] merging instance 'paddle_instance/current_divider_reg[4]' (FDSE) to 'paddle_instance/sens_led_reg[0]'
---------------------------------------------------------------------------------
Finished Cross Boundary and Area Optimization : Time (s): cpu = 00:00:08 ; elapsed = 00:00:12 . Memory (MB): peak = 752.336 ; gain = 495.715
---------------------------------------------------------------------------------

Report RTL Partitions: 
+-+--------------+------------+----------+
| |RTL Partition |Replication |Instances |
+-+--------------+------------+----------+
+-+--------------+------------+----------+
---------------------------------------------------------------------------------
Start Applying XDC Timing Constraints
---------------------------------------------------------------------------------
---------------------------------------------------------------------------------
Finished Applying XDC Timing Constraints : Time (s): cpu = 00:00:11 ; elapsed = 00:00:18 . Memory (MB): peak = 752.336 ; gain = 495.715
---------------------------------------------------------------------------------
---------------------------------------------------------------------------------
Start Timing Optimization
---------------------------------------------------------------------------------
---------------------------------------------------------------------------------
Finished Timing Optimization : Time (s): cpu = 00:00:12 ; elapsed = 00:00:20 . Memory (MB): peak = 812.055 ; gain = 555.434
---------------------------------------------------------------------------------

Report RTL Partitions: 
+-+--------------+------------+----------+
| |RTL Partition |Replication |Instances |
+-+--------------+------------+----------+
+-+--------------+------------+----------+
---------------------------------------------------------------------------------
Start Technology Mapping
---------------------------------------------------------------------------------
---------------------------------------------------------------------------------
Finished Technology Mapping : Time (s): cpu = 00:00:13 ; elapsed = 00:00:20 . Memory (MB): peak = 821.086 ; gain = 564.465
---------------------------------------------------------------------------------

Report RTL Partitions: 
+-+--------------+------------+----------+
| |RTL Partition |Replication |Instances |
+-+--------------+------------+----------+
+-+--------------+------------+----------+
---------------------------------------------------------------------------------
Start IO Insertion
---------------------------------------------------------------------------------
---------------------------------------------------------------------------------
Start Flattening Before IO Insertion
---------------------------------------------------------------------------------
---------------------------------------------------------------------------------
Finished Flattening Before IO Insertion
---------------------------------------------------------------------------------
---------------------------------------------------------------------------------
Start Final Netlist Cleanup
---------------------------------------------------------------------------------
INFO: [Synth 8-5365] Flop mouse_control/Inst_Ps2Interface/ps2_clk_h_reg is being inverted and renamed to mouse_control/Inst_Ps2Interface/ps2_clk_h_reg_inv.
INFO: [Synth 8-5365] Flop mouse_control/Inst_Ps2Interface/ps2_data_h_reg is being inverted and renamed to mouse_control/Inst_Ps2Interface/ps2_data_h_reg_inv.
---------------------------------------------------------------------------------
Finished Final Netlist Cleanup
---------------------------------------------------------------------------------
---------------------------------------------------------------------------------
Finished IO Insertion : Time (s): cpu = 00:00:13 ; elapsed = 00:00:20 . Memory (MB): peak = 821.086 ; gain = 564.465
---------------------------------------------------------------------------------

Report Check Netlist: 
+------+------------------+-------+---------+-------+------------------+
|      |Item              |Errors |Warnings |Status |Description       |
+------+------------------+-------+---------+-------+------------------+
|1     |multi_driven_nets |      0|        0|Passed |Multi driven nets |
+------+------------------+-------+---------+-------+------------------+
---------------------------------------------------------------------------------
Start Renaming Generated Instances
---------------------------------------------------------------------------------
---------------------------------------------------------------------------------
Finished Renaming Generated Instances : Time (s): cpu = 00:00:13 ; elapsed = 00:00:20 . Memory (MB): peak = 821.086 ; gain = 564.465
---------------------------------------------------------------------------------

Report RTL Partitions: 
+-+--------------+------------+----------+
| |RTL Partition |Replication |Instances |
+-+--------------+------------+----------+
+-+--------------+------------+----------+
---------------------------------------------------------------------------------
Start Rebuilding User Hierarchy
---------------------------------------------------------------------------------
---------------------------------------------------------------------------------
Finished Rebuilding User Hierarchy : Time (s): cpu = 00:00:13 ; elapsed = 00:00:20 . Memory (MB): peak = 821.086 ; gain = 564.465
---------------------------------------------------------------------------------
---------------------------------------------------------------------------------
Start Renaming Generated Ports
---------------------------------------------------------------------------------
---------------------------------------------------------------------------------
Finished Renaming Generated Ports : Time (s): cpu = 00:00:13 ; elapsed = 00:00:20 . Memory (MB): peak = 821.086 ; gain = 564.465
---------------------------------------------------------------------------------
---------------------------------------------------------------------------------
Start Handling Custom Attributes
---------------------------------------------------------------------------------
---------------------------------------------------------------------------------
Finished Handling Custom Attributes : Time (s): cpu = 00:00:13 ; elapsed = 00:00:20 . Memory (MB): peak = 821.086 ; gain = 564.465
---------------------------------------------------------------------------------
---------------------------------------------------------------------------------
Start Renaming Generated Nets
---------------------------------------------------------------------------------
---------------------------------------------------------------------------------
Finished Renaming Generated Nets : Time (s): cpu = 00:00:13 ; elapsed = 00:00:20 . Memory (MB): peak = 821.086 ; gain = 564.465
---------------------------------------------------------------------------------
---------------------------------------------------------------------------------
Start Writing Synthesis Report
---------------------------------------------------------------------------------

Report BlackBoxes: 
+-+--------------+----------+
| |BlackBox name |Instances |
+-+--------------+----------+
+-+--------------+----------+

Report Cell Usage: 
+------+-------+------+
|      |Cell   |Count |
+------+-------+------+
|1     |BUFG   |     2|
|2     |CARRY4 |    88|
|3     |LUT1   |    35|
|4     |LUT2   |   193|
|5     |LUT3   |   175|
|6     |LUT4   |   121|
|7     |LUT5   |    71|
|8     |LUT6   |   160|
|9     |MUXF7  |     2|
|10    |FDRE   |   377|
|11    |FDRE_1 |    31|
|12    |FDSE   |     4|
|13    |FDSE_1 |     1|
|14    |IBUF   |     2|
|15    |IOBUF  |     2|
|16    |OBUF   |    11|
|17    |OBUFT  |     1|
+------+-------+------+

Report Instance Areas: 
+------+----------------------+--------------+------+
|      |Instance              |Module        |Cells |
+------+----------------------+--------------+------+
|1     |top                   |              |  1276|
|2     |  divider_6p25MHz     |Clock_Divider |    64|
|3     |  mouse_control       |MouseCtl      |   578|
|4     |    Inst_Ps2Interface |Ps2Interface  |   272|
|5     |  oled_display        |Oled_Display  |   439|
|6     |  paddle_instance     |Paddle        |   163|
|7     |    debounce_left     |Debouncer     |    10|
+------+----------------------+--------------+------+
---------------------------------------------------------------------------------
Finished Writing Synthesis Report : Time (s): cpu = 00:00:13 ; elapsed = 00:00:20 . Memory (MB): peak = 821.086 ; gain = 564.465
---------------------------------------------------------------------------------
Synthesis finished with 0 errors, 0 critical warnings and 59 warnings.
Synthesis Optimization Runtime : Time (s): cpu = 00:00:09 ; elapsed = 00:00:15 . Memory (MB): peak = 821.086 ; gain = 224.344
Synthesis Optimization Complete : Time (s): cpu = 00:00:13 ; elapsed = 00:00:21 . Memory (MB): peak = 821.086 ; gain = 564.465
INFO: [Project 1-571] Translating synthesized netlist
INFO: [Netlist 29-17] Analyzing 126 Unisim elements for replacement
INFO: [Netlist 29-28] Unisim Transformation completed in 0 CPU seconds
INFO: [Project 1-570] Preparing netlist for logic optimization
INFO: [Opt 31-138] Pushed 0 inverter(s) to 0 load pin(s).
INFO: [Project 1-111] Unisim Transformation Summary:
  A total of 34 instances were transformed.
  FDRE_1 => FDRE (inverted pins: C): 31 instances
  FDSE_1 => FDSE (inverted pins: C): 1 instances
  IOBUF => IOBUF (IBUF, OBUFT): 2 instances

INFO: [Common 17-83] Releasing license: Synthesis
123 Infos, 68 Warnings, 0 Critical Warnings and 0 Errors encountered.
synth_design completed successfully
synth_design: Time (s): cpu = 00:00:15 ; elapsed = 00:00:23 . Memory (MB): peak = 821.086 ; gain = 577.141
WARNING: [Constraints 18-5210] No constraint will be written out.
INFO: [Common 17-1381] The checkpoint 'C:/Users/yongs/Desktop/EE2026/Final_Project/FDP/FDP.runs/synth_1/Pong.dcp' has been generated.
INFO: [runtcl-4] Executing : report_utilization -file Pong_utilization_synth.rpt -pb Pong_utilization_synth.pb
report_utilization: Time (s): cpu = 00:00:00 ; elapsed = 00:00:00.018 . Memory (MB): peak = 821.086 ; gain = 0.000
INFO: [Common 17-206] Exiting Vivado at Tue Mar 18 20:29:29 2025...
