
*** Running vivado
    with args -log Pong.vdi -applog -m64 -product Vivado -messageDb vivado.pb -mode batch -source Pong.tcl -notrace


****** Vivado v2018.2 (64-bit)
  **** SW Build 2258646 on Thu Jun 14 20:03:12 MDT 2018
  **** IP Build 2256618 on Thu Jun 14 22:10:49 MDT 2018
    ** Copyright 1986-2018 Xilinx, Inc. All Rights Reserved.

source Pong.tcl -notrace
Command: link_design -top Pong -part xc7a35tcpg236-1
Design is defaulting to srcset: sources_1
Design is defaulting to constrset: constrs_1
INFO: [Netlist 29-17] Analyzing 94 Unisim elements for replacement
INFO: [Netlist 29-28] Unisim Transformation completed in 0 CPU seconds
INFO: [Project 1-479] Netlist was created with Vivado 2018.2
INFO: [Device 21-403] Loading part xc7a35tcpg236-1
INFO: [Project 1-570] Preparing netlist for logic optimization
Parsing XDC File [C:/Users/yongs/Desktop/EE2026/Final_Project/FDP/FDP.srcs/constrs_1/new/constraints.xdc]
Finished Parsing XDC File [C:/Users/yongs/Desktop/EE2026/Final_Project/FDP/FDP.srcs/constrs_1/new/constraints.xdc]
INFO: [Opt 31-138] Pushed 0 inverter(s) to 0 load pin(s).
INFO: [Project 1-111] Unisim Transformation Summary:
  A total of 2 instances were transformed.
  IOBUF => IOBUF (IBUF, OBUFT): 2 instances

7 Infos, 0 Warnings, 0 Critical Warnings and 0 Errors encountered.
link_design completed successfully
link_design: Time (s): cpu = 00:00:04 ; elapsed = 00:00:06 . Memory (MB): peak = 570.109 ; gain = 320.609
Command: opt_design
Attempting to get a license for feature 'Implementation' and/or device 'xc7a35t'
INFO: [Common 17-349] Got license for feature 'Implementation' and/or device 'xc7a35t'
Running DRC as a precondition to command opt_design

Starting DRC Task
INFO: [DRC 23-27] Running DRC with 2 threads
INFO: [Project 1-461] DRC finished with 0 Errors
INFO: [Project 1-462] Please refer to the DRC report (report_drc) for more information.

Time (s): cpu = 00:00:00 ; elapsed = 00:00:00.420 . Memory (MB): peak = 581.289 ; gain = 11.180

Starting Cache Timing Information Task
INFO: [Timing 38-35] Done setting XDC timing constraints.
Ending Cache Timing Information Task | Checksum: 10b6b2afa

Time (s): cpu = 00:00:05 ; elapsed = 00:00:08 . Memory (MB): peak = 1136.336 ; gain = 555.047

Starting Logic Optimization Task

Phase 1 Retarget
INFO: [Opt 31-138] Pushed 1 inverter(s) to 20 load pin(s).
INFO: [Opt 31-49] Retargeted 0 cell(s).
Phase 1 Retarget | Checksum: d60be8f9

Time (s): cpu = 00:00:00 ; elapsed = 00:00:00.060 . Memory (MB): peak = 1136.336 ; gain = 0.000
INFO: [Opt 31-389] Phase Retarget created 0 cells and removed 0 cells

Phase 2 Constant propagation
INFO: [Opt 31-138] Pushed 0 inverter(s) to 0 load pin(s).
Phase 2 Constant propagation | Checksum: 189536de1

Time (s): cpu = 00:00:00 ; elapsed = 00:00:00.075 . Memory (MB): peak = 1136.336 ; gain = 0.000
INFO: [Opt 31-389] Phase Constant propagation created 0 cells and removed 0 cells

Phase 3 Sweep
Phase 3 Sweep | Checksum: 17f4c7e1d

Time (s): cpu = 00:00:00 ; elapsed = 00:00:00.093 . Memory (MB): peak = 1136.336 ; gain = 0.000
INFO: [Opt 31-389] Phase Sweep created 4 cells and removed 0 cells

Phase 4 BUFG optimization
Phase 4 BUFG optimization | Checksum: 17f4c7e1d

Time (s): cpu = 00:00:00 ; elapsed = 00:00:00.109 . Memory (MB): peak = 1136.336 ; gain = 0.000
INFO: [Opt 31-662] Phase BUFG optimization created 0 cells of which 0 are BUFGs and removed 0 cells.

Phase 5 Shift Register Optimization
Phase 5 Shift Register Optimization | Checksum: 1231809fb

Time (s): cpu = 00:00:00 ; elapsed = 00:00:00.148 . Memory (MB): peak = 1136.336 ; gain = 0.000
INFO: [Opt 31-389] Phase Shift Register Optimization created 0 cells and removed 0 cells

Phase 6 Post Processing Netlist
Phase 6 Post Processing Netlist | Checksum: 134da0994

Time (s): cpu = 00:00:00 ; elapsed = 00:00:00.152 . Memory (MB): peak = 1136.336 ; gain = 0.000
INFO: [Opt 31-389] Phase Post Processing Netlist created 0 cells and removed 0 cells

Starting Connectivity Check Task

Time (s): cpu = 00:00:00 ; elapsed = 00:00:00.001 . Memory (MB): peak = 1136.336 ; gain = 0.000
Ending Logic Optimization Task | Checksum: 134da0994

Time (s): cpu = 00:00:00 ; elapsed = 00:00:00.156 . Memory (MB): peak = 1136.336 ; gain = 0.000

Starting Power Optimization Task
INFO: [Pwropt 34-132] Skipping clock gating for clocks with a period < 2.00 ns.
Ending Power Optimization Task | Checksum: 134da0994

Time (s): cpu = 00:00:00 ; elapsed = 00:00:00.009 . Memory (MB): peak = 1136.336 ; gain = 0.000

Starting Final Cleanup Task
Ending Final Cleanup Task | Checksum: 134da0994

Time (s): cpu = 00:00:00 ; elapsed = 00:00:00 . Memory (MB): peak = 1136.336 ; gain = 0.000
INFO: [Common 17-83] Releasing license: Implementation
23 Infos, 0 Warnings, 0 Critical Warnings and 0 Errors encountered.
opt_design completed successfully
opt_design: Time (s): cpu = 00:00:05 ; elapsed = 00:00:09 . Memory (MB): peak = 1136.336 ; gain = 566.227
INFO: [Timing 38-480] Writing timing data to binary archive.
Writing placer database...
Writing XDEF routing.
Writing XDEF routing logical nets.
Writing XDEF routing special nets.
Write XDEF Complete: Time (s): cpu = 00:00:00 ; elapsed = 00:00:00.021 . Memory (MB): peak = 1136.336 ; gain = 0.000
INFO: [Common 17-1381] The checkpoint 'C:/Users/yongs/Desktop/EE2026/Final_Project/FDP/FDP.runs/impl_1/Pong_opt.dcp' has been generated.
INFO: [runtcl-4] Executing : report_drc -file Pong_drc_opted.rpt -pb Pong_drc_opted.pb -rpx Pong_drc_opted.rpx
Command: report_drc -file Pong_drc_opted.rpt -pb Pong_drc_opted.pb -rpx Pong_drc_opted.rpx
INFO: [IP_Flow 19-234] Refreshing IP repositories
INFO: [IP_Flow 19-1704] No user IP repositories specified
INFO: [IP_Flow 19-2313] Loaded Vivado IP repository 'C:/Xilinx/Vivado/2018.2/data/ip'.
INFO: [DRC 23-27] Running DRC with 2 threads
INFO: [Coretcl 2-168] The results of DRC are in file C:/Users/yongs/Desktop/EE2026/Final_Project/FDP/FDP.runs/impl_1/Pong_drc_opted.rpt.
report_drc completed successfully
Command: place_design
Attempting to get a license for feature 'Implementation' and/or device 'xc7a35t'
INFO: [Common 17-349] Got license for feature 'Implementation' and/or device 'xc7a35t'
INFO: [DRC 23-27] Running DRC with 2 threads
INFO: [Vivado_Tcl 4-198] DRC finished with 0 Errors
INFO: [Vivado_Tcl 4-199] Please refer to the DRC report (report_drc) for more information.
Running DRC as a precondition to command place_design
INFO: [DRC 23-27] Running DRC with 2 threads
INFO: [Vivado_Tcl 4-198] DRC finished with 0 Errors
INFO: [Vivado_Tcl 4-199] Please refer to the DRC report (report_drc) for more information.

Starting Placer Task
INFO: [Place 30-611] Multithreading enabled for place_design using a maximum of 2 CPUs

Phase 1 Placer Initialization

Phase 1.1 Placer Initialization Netlist Sorting
Netlist sorting complete. Time (s): cpu = 00:00:00 ; elapsed = 00:00:00 . Memory (MB): peak = 1136.336 ; gain = 0.000
Phase 1.1 Placer Initialization Netlist Sorting | Checksum: abab430f

Time (s): cpu = 00:00:00 ; elapsed = 00:00:00.004 . Memory (MB): peak = 1136.336 ; gain = 0.000
Netlist sorting complete. Time (s): cpu = 00:00:00 ; elapsed = 00:00:00.001 . Memory (MB): peak = 1136.336 ; gain = 0.000

Phase 1.2 IO Placement/ Clock Placement/ Build Placer Device
INFO: [Timing 38-35] Done setting XDC timing constraints.
Phase 1.2 IO Placement/ Clock Placement/ Build Placer Device | Checksum: 159383734

Time (s): cpu = 00:00:01 ; elapsed = 00:00:00.761 . Memory (MB): peak = 1136.602 ; gain = 0.266

Phase 1.3 Build Placer Netlist Model
Phase 1.3 Build Placer Netlist Model | Checksum: 22bcbfee9

Time (s): cpu = 00:00:01 ; elapsed = 00:00:00.940 . Memory (MB): peak = 1136.602 ; gain = 0.266

Phase 1.4 Constrain Clocks/Macros
Phase 1.4 Constrain Clocks/Macros | Checksum: 22bcbfee9

Time (s): cpu = 00:00:01 ; elapsed = 00:00:00.943 . Memory (MB): peak = 1136.602 ; gain = 0.266
Phase 1 Placer Initialization | Checksum: 22bcbfee9

Time (s): cpu = 00:00:01 ; elapsed = 00:00:00.944 . Memory (MB): peak = 1136.602 ; gain = 0.266

Phase 2 Global Placement

Phase 2.1 Floorplanning
Phase 2.1 Floorplanning | Checksum: 19da6b056

Time (s): cpu = 00:00:01 ; elapsed = 00:00:01 . Memory (MB): peak = 1136.602 ; gain = 0.266

Phase 2.2 Physical Synthesis In Placer
INFO: [Physopt 32-65] No nets found for high-fanout optimization.
INFO: [Physopt 32-232] Optimized 0 net. Created 0 new instance.
INFO: [Physopt 32-775] End 1 Pass. Optimized 0 net or cell. Created 0 new cell, deleted 0 existing cell and moved 0 existing cell
Netlist sorting complete. Time (s): cpu = 00:00:00 ; elapsed = 00:00:00 . Memory (MB): peak = 1136.602 ; gain = 0.000

Summary of Physical Synthesis Optimizations
============================================


-----------------------------------------------------------------------------------------------------------------------------
|  Optimization       |  Added Cells  |  Removed Cells  |  Optimized Cells/Nets  |  Dont Touch  |  Iterations  |  Elapsed   |
-----------------------------------------------------------------------------------------------------------------------------
|  Very High Fanout   |            0  |              0  |                     0  |           0  |           1  |  00:00:00  |
|  Total              |            0  |              0  |                     0  |           0  |           1  |  00:00:00  |
-----------------------------------------------------------------------------------------------------------------------------


Phase 2.2 Physical Synthesis In Placer | Checksum: 194e3e716

Time (s): cpu = 00:00:02 ; elapsed = 00:00:03 . Memory (MB): peak = 1136.602 ; gain = 0.266
Phase 2 Global Placement | Checksum: 20238619c

Time (s): cpu = 00:00:02 ; elapsed = 00:00:03 . Memory (MB): peak = 1136.602 ; gain = 0.266

Phase 3 Detail Placement

Phase 3.1 Commit Multi Column Macros
Phase 3.1 Commit Multi Column Macros | Checksum: 20238619c

Time (s): cpu = 00:00:02 ; elapsed = 00:00:03 . Memory (MB): peak = 1136.602 ; gain = 0.266

Phase 3.2 Commit Most Macros & LUTRAMs
Phase 3.2 Commit Most Macros & LUTRAMs | Checksum: 1ab2bec42

Time (s): cpu = 00:00:02 ; elapsed = 00:00:03 . Memory (MB): peak = 1136.602 ; gain = 0.266

Phase 3.3 Area Swap Optimization
Phase 3.3 Area Swap Optimization | Checksum: 1c301ee02

Time (s): cpu = 00:00:02 ; elapsed = 00:00:03 . Memory (MB): peak = 1136.602 ; gain = 0.266

Phase 3.4 Pipeline Register Optimization
Phase 3.4 Pipeline Register Optimization | Checksum: 1c301ee02

Time (s): cpu = 00:00:02 ; elapsed = 00:00:03 . Memory (MB): peak = 1136.602 ; gain = 0.266

Phase 3.5 Timing Path Optimizer
Phase 3.5 Timing Path Optimizer | Checksum: 1c301ee02

Time (s): cpu = 00:00:02 ; elapsed = 00:00:03 . Memory (MB): peak = 1136.602 ; gain = 0.266

Phase 3.6 Fast Optimization
Phase 3.6 Fast Optimization | Checksum: 26e0d17d5

Time (s): cpu = 00:00:02 ; elapsed = 00:00:04 . Memory (MB): peak = 1136.602 ; gain = 0.266

Phase 3.7 Small Shape Detail Placement
Phase 3.7 Small Shape Detail Placement | Checksum: 1b459de4d

Time (s): cpu = 00:00:02 ; elapsed = 00:00:04 . Memory (MB): peak = 1136.602 ; gain = 0.266

Phase 3.8 Re-assign LUT pins
Phase 3.8 Re-assign LUT pins | Checksum: 206632d79

Time (s): cpu = 00:00:02 ; elapsed = 00:00:04 . Memory (MB): peak = 1136.602 ; gain = 0.266

Phase 3.9 Pipeline Register Optimization
Phase 3.9 Pipeline Register Optimization | Checksum: 206632d79

Time (s): cpu = 00:00:02 ; elapsed = 00:00:04 . Memory (MB): peak = 1136.602 ; gain = 0.266

Phase 3.10 Fast Optimization
Phase 3.10 Fast Optimization | Checksum: 206632d79

Time (s): cpu = 00:00:02 ; elapsed = 00:00:05 . Memory (MB): peak = 1136.602 ; gain = 0.266
Phase 3 Detail Placement | Checksum: 206632d79

Time (s): cpu = 00:00:02 ; elapsed = 00:00:05 . Memory (MB): peak = 1136.602 ; gain = 0.266

Phase 4 Post Placement Optimization and Clean-Up

Phase 4.1 Post Commit Optimization
INFO: [Timing 38-35] Done setting XDC timing constraints.

Phase 4.1.1 Post Placement Optimization
Post Placement Optimization Initialization | Checksum: 2353cb7cb

Phase 4.1.1.1 BUFG Insertion
INFO: [Place 46-31] BUFG insertion identified 0 candidate nets, 0 success, 0 skipped for placement/routing, 0 skipped for timing, 0 skipped for netlist change reason.
Phase 4.1.1.1 BUFG Insertion | Checksum: 2353cb7cb

Time (s): cpu = 00:00:02 ; elapsed = 00:00:05 . Memory (MB): peak = 1163.730 ; gain = 27.395
INFO: [Place 30-746] Post Placement Timing Summary WNS=-11.133. For the most accurate timing information please run report_timing.
Phase 4.1.1 Post Placement Optimization | Checksum: 2178d6ac8

Time (s): cpu = 00:00:05 ; elapsed = 00:00:09 . Memory (MB): peak = 1163.734 ; gain = 27.398
Phase 4.1 Post Commit Optimization | Checksum: 2178d6ac8

Time (s): cpu = 00:00:05 ; elapsed = 00:00:09 . Memory (MB): peak = 1163.734 ; gain = 27.398

Phase 4.2 Post Placement Cleanup
Phase 4.2 Post Placement Cleanup | Checksum: 2178d6ac8

Time (s): cpu = 00:00:05 ; elapsed = 00:00:09 . Memory (MB): peak = 1163.734 ; gain = 27.398

Phase 4.3 Placer Reporting
Phase 4.3 Placer Reporting | Checksum: 2178d6ac8

Time (s): cpu = 00:00:05 ; elapsed = 00:00:09 . Memory (MB): peak = 1163.734 ; gain = 27.398

Phase 4.4 Final Placement Cleanup
Phase 4.4 Final Placement Cleanup | Checksum: 18d1382a1

Time (s): cpu = 00:00:05 ; elapsed = 00:00:09 . Memory (MB): peak = 1163.734 ; gain = 27.398
Phase 4 Post Placement Optimization and Clean-Up | Checksum: 18d1382a1

Time (s): cpu = 00:00:05 ; elapsed = 00:00:09 . Memory (MB): peak = 1163.734 ; gain = 27.398
Ending Placer Task | Checksum: 12209c3ca

Time (s): cpu = 00:00:05 ; elapsed = 00:00:09 . Memory (MB): peak = 1163.734 ; gain = 27.398
INFO: [Common 17-83] Releasing license: Implementation
47 Infos, 0 Warnings, 0 Critical Warnings and 0 Errors encountered.
place_design completed successfully
place_design: Time (s): cpu = 00:00:06 ; elapsed = 00:00:10 . Memory (MB): peak = 1163.734 ; gain = 27.398
INFO: [Timing 38-480] Writing timing data to binary archive.
Writing placer database...
Writing XDEF routing.
Writing XDEF routing logical nets.
Writing XDEF routing special nets.
Write XDEF Complete: Time (s): cpu = 00:00:00 ; elapsed = 00:00:00.071 . Memory (MB): peak = 1172.254 ; gain = 8.484
INFO: [Common 17-1381] The checkpoint 'C:/Users/yongs/Desktop/EE2026/Final_Project/FDP/FDP.runs/impl_1/Pong_placed.dcp' has been generated.
INFO: [runtcl-4] Executing : report_io -file Pong_io_placed.rpt
report_io: Time (s): cpu = 00:00:00 ; elapsed = 00:00:00.023 . Memory (MB): peak = 1172.254 ; gain = 0.000
INFO: [runtcl-4] Executing : report_utilization -file Pong_utilization_placed.rpt -pb Pong_utilization_placed.pb
report_utilization: Time (s): cpu = 00:00:00 ; elapsed = 00:00:00.022 . Memory (MB): peak = 1172.254 ; gain = 0.000
INFO: [runtcl-4] Executing : report_control_sets -verbose -file Pong_control_sets_placed.rpt
report_control_sets: Time (s): cpu = 00:00:00 ; elapsed = 00:00:00.004 . Memory (MB): peak = 1172.254 ; gain = 0.000
Command: route_design
Attempting to get a license for feature 'Implementation' and/or device 'xc7a35t'
INFO: [Common 17-349] Got license for feature 'Implementation' and/or device 'xc7a35t'
Running DRC as a precondition to command route_design
INFO: [DRC 23-27] Running DRC with 2 threads
INFO: [Vivado_Tcl 4-198] DRC finished with 0 Errors
INFO: [Vivado_Tcl 4-199] Please refer to the DRC report (report_drc) for more information.


Starting Routing Task
INFO: [Route 35-254] Multithreading enabled for route_design using a maximum of 2 CPUs
Checksum: PlaceDB: b879edb5 ConstDB: 0 ShapeSum: 698fd615 RouteDB: 0

Phase 1 Build RT Design
Phase 1 Build RT Design | Checksum: e33b1e5e

Time (s): cpu = 00:00:10 ; elapsed = 00:00:13 . Memory (MB): peak = 1266.500 ; gain = 94.246
Post Restoration Checksum: NetGraph: 1085c5ab NumContArr: d2b558b3 Constraints: 0 Timing: 0

Phase 2 Router Initialization

Phase 2.1 Create Timer
Phase 2.1 Create Timer | Checksum: e33b1e5e

Time (s): cpu = 00:00:10 ; elapsed = 00:00:13 . Memory (MB): peak = 1266.504 ; gain = 94.250

Phase 2.2 Fix Topology Constraints
Phase 2.2 Fix Topology Constraints | Checksum: e33b1e5e

Time (s): cpu = 00:00:10 ; elapsed = 00:00:13 . Memory (MB): peak = 1272.508 ; gain = 100.254

Phase 2.3 Pre Route Cleanup
Phase 2.3 Pre Route Cleanup | Checksum: e33b1e5e

Time (s): cpu = 00:00:10 ; elapsed = 00:00:13 . Memory (MB): peak = 1272.508 ; gain = 100.254
 Number of Nodes with overlaps = 0

Phase 2.4 Update Timing
Phase 2.4 Update Timing | Checksum: 13710b743

Time (s): cpu = 00:00:10 ; elapsed = 00:00:13 . Memory (MB): peak = 1281.418 ; gain = 109.164
INFO: [Route 35-416] Intermediate Timing Summary | WNS=-11.035| TNS=-40.978| WHS=-0.117 | THS=-5.993 |

Phase 2 Router Initialization | Checksum: 15e0c2776

Time (s): cpu = 00:00:10 ; elapsed = 00:00:14 . Memory (MB): peak = 1281.418 ; gain = 109.164

Phase 3 Initial Routing
Phase 3 Initial Routing | Checksum: 9f7587a7

Time (s): cpu = 00:00:10 ; elapsed = 00:00:14 . Memory (MB): peak = 1281.418 ; gain = 109.164

Phase 4 Rip-up And Reroute

Phase 4.1 Global Iteration 0
 Number of Nodes with overlaps = 132
 Number of Nodes with overlaps = 29
 Number of Nodes with overlaps = 4
 Number of Nodes with overlaps = 3
 Number of Nodes with overlaps = 1
 Number of Nodes with overlaps = 1
 Number of Nodes with overlaps = 0
INFO: [Route 35-416] Intermediate Timing Summary | WNS=-11.699| TNS=-44.683| WHS=N/A    | THS=N/A    |

Phase 4.1 Global Iteration 0 | Checksum: 651641a9

Time (s): cpu = 00:00:11 ; elapsed = 00:00:14 . Memory (MB): peak = 1281.418 ; gain = 109.164

Phase 4.2 Global Iteration 1
 Number of Nodes with overlaps = 26
 Number of Nodes with overlaps = 8
 Number of Nodes with overlaps = 1
 Number of Nodes with overlaps = 0
INFO: [Route 35-416] Intermediate Timing Summary | WNS=-11.454| TNS=-42.968| WHS=N/A    | THS=N/A    |

Phase 4.2 Global Iteration 1 | Checksum: 1d2d035d9

Time (s): cpu = 00:00:11 ; elapsed = 00:00:14 . Memory (MB): peak = 1281.418 ; gain = 109.164

Phase 4.3 Global Iteration 2
 Number of Nodes with overlaps = 43
 Number of Nodes with overlaps = 7
 Number of Nodes with overlaps = 1
 Number of Nodes with overlaps = 0
INFO: [Route 35-416] Intermediate Timing Summary | WNS=-11.486| TNS=-43.202| WHS=N/A    | THS=N/A    |

Phase 4.3 Global Iteration 2 | Checksum: 18ed47874

Time (s): cpu = 00:00:11 ; elapsed = 00:00:15 . Memory (MB): peak = 1281.418 ; gain = 109.164
Phase 4 Rip-up And Reroute | Checksum: 18ed47874

Time (s): cpu = 00:00:11 ; elapsed = 00:00:15 . Memory (MB): peak = 1281.418 ; gain = 109.164

Phase 5 Delay and Skew Optimization

Phase 5.1 Delay CleanUp

Phase 5.1.1 Update Timing
Phase 5.1.1 Update Timing | Checksum: 17fc1ab34

Time (s): cpu = 00:00:11 ; elapsed = 00:00:15 . Memory (MB): peak = 1281.418 ; gain = 109.164
INFO: [Route 35-416] Intermediate Timing Summary | WNS=-11.360| TNS=-42.571| WHS=N/A    | THS=N/A    |

 Number of Nodes with overlaps = 0
Phase 5.1 Delay CleanUp | Checksum: e25acfdd

Time (s): cpu = 00:00:11 ; elapsed = 00:00:15 . Memory (MB): peak = 1281.418 ; gain = 109.164

Phase 5.2 Clock Skew Optimization
Phase 5.2 Clock Skew Optimization | Checksum: e25acfdd

Time (s): cpu = 00:00:11 ; elapsed = 00:00:15 . Memory (MB): peak = 1281.418 ; gain = 109.164
Phase 5 Delay and Skew Optimization | Checksum: e25acfdd

Time (s): cpu = 00:00:11 ; elapsed = 00:00:15 . Memory (MB): peak = 1281.418 ; gain = 109.164

Phase 6 Post Hold Fix

Phase 6.1 Hold Fix Iter

Phase 6.1.1 Update Timing
Phase 6.1.1 Update Timing | Checksum: 18bb5d915

Time (s): cpu = 00:00:11 ; elapsed = 00:00:15 . Memory (MB): peak = 1281.418 ; gain = 109.164
INFO: [Route 35-416] Intermediate Timing Summary | WNS=-11.359| TNS=-42.568| WHS=0.095  | THS=0.000  |

Phase 6.1 Hold Fix Iter | Checksum: 18bb5d915

Time (s): cpu = 00:00:11 ; elapsed = 00:00:15 . Memory (MB): peak = 1281.418 ; gain = 109.164
Phase 6 Post Hold Fix | Checksum: 18bb5d915

Time (s): cpu = 00:00:11 ; elapsed = 00:00:15 . Memory (MB): peak = 1281.418 ; gain = 109.164

Phase 7 Route finalize

Router Utilization Summary
  Global Vertical Routing Utilization    = 0.174599 %
  Global Horizontal Routing Utilization  = 0.20341 %
  Routable Net Status*
  *Does not include unroutable nets such as driverless and loadless.
  Run report_route_status for detailed report.
  Number of Failed Nets               = 0
  Number of Unrouted Nets             = 0
  Number of Partially Routed Nets     = 0
  Number of Node Overlaps             = 0

Congestion Report
North Dir 1x1 Area, Max Cong = 18.018%, No Congested Regions.
South Dir 1x1 Area, Max Cong = 18.018%, No Congested Regions.
East Dir 1x1 Area, Max Cong = 19.1176%, No Congested Regions.
West Dir 1x1 Area, Max Cong = 33.8235%, No Congested Regions.

------------------------------
Reporting congestion hotspots
------------------------------
Direction: North
----------------
Congested clusters found at Level 0
Effective congestion level: 0 Aspect Ratio: 1 Sparse Ratio: 0
Direction: South
----------------
Congested clusters found at Level 0
Effective congestion level: 0 Aspect Ratio: 1 Sparse Ratio: 0
Direction: East
----------------
Congested clusters found at Level 0
Effective congestion level: 0 Aspect Ratio: 1 Sparse Ratio: 0
Direction: West
----------------
Congested clusters found at Level 0
Effective congestion level: 0 Aspect Ratio: 1 Sparse Ratio: 0

Phase 7 Route finalize | Checksum: ec8a5778

Time (s): cpu = 00:00:11 ; elapsed = 00:00:15 . Memory (MB): peak = 1281.418 ; gain = 109.164

Phase 8 Verifying routed nets

 Verification completed successfully
Phase 8 Verifying routed nets | Checksum: ec8a5778

Time (s): cpu = 00:00:11 ; elapsed = 00:00:15 . Memory (MB): peak = 1281.418 ; gain = 109.164

Phase 9 Depositing Routes
Phase 9 Depositing Routes | Checksum: d5c7417c

Time (s): cpu = 00:00:11 ; elapsed = 00:00:15 . Memory (MB): peak = 1281.418 ; gain = 109.164

Phase 10 Post Router Timing
INFO: [Route 35-57] Estimated Timing Summary | WNS=-11.359| TNS=-42.568| WHS=0.095  | THS=0.000  |

WARNING: [Route 35-328] Router estimated timing not met.
Resolution: For a complete and accurate timing signoff, report_timing_summary must be run after route_design. Alternatively, route_design can be run with the -timing_summary option to enable a complete timing signoff at the end of route_design.
Phase 10 Post Router Timing | Checksum: d5c7417c

Time (s): cpu = 00:00:11 ; elapsed = 00:00:15 . Memory (MB): peak = 1281.418 ; gain = 109.164
INFO: [Route 35-16] Router Completed Successfully

Time (s): cpu = 00:00:11 ; elapsed = 00:00:15 . Memory (MB): peak = 1281.418 ; gain = 109.164

Routing Is Done.
INFO: [Common 17-83] Releasing license: Implementation
66 Infos, 1 Warnings, 0 Critical Warnings and 0 Errors encountered.
route_design completed successfully
route_design: Time (s): cpu = 00:00:12 ; elapsed = 00:00:15 . Memory (MB): peak = 1281.418 ; gain = 109.164
INFO: [Timing 38-480] Writing timing data to binary archive.
Writing placer database...
Writing XDEF routing.
Writing XDEF routing logical nets.
Writing XDEF routing special nets.
Write XDEF Complete: Time (s): cpu = 00:00:00 ; elapsed = 00:00:00.088 . Memory (MB): peak = 1281.418 ; gain = 0.000
INFO: [Common 17-1381] The checkpoint 'C:/Users/yongs/Desktop/EE2026/Final_Project/FDP/FDP.runs/impl_1/Pong_routed.dcp' has been generated.
INFO: [runtcl-4] Executing : report_drc -file Pong_drc_routed.rpt -pb Pong_drc_routed.pb -rpx Pong_drc_routed.rpx
Command: report_drc -file Pong_drc_routed.rpt -pb Pong_drc_routed.pb -rpx Pong_drc_routed.rpx
INFO: [DRC 23-27] Running DRC with 2 threads
INFO: [Coretcl 2-168] The results of DRC are in file C:/Users/yongs/Desktop/EE2026/Final_Project/FDP/FDP.runs/impl_1/Pong_drc_routed.rpt.
report_drc completed successfully
INFO: [runtcl-4] Executing : report_methodology -file Pong_methodology_drc_routed.rpt -pb Pong_methodology_drc_routed.pb -rpx Pong_methodology_drc_routed.rpx
Command: report_methodology -file Pong_methodology_drc_routed.rpt -pb Pong_methodology_drc_routed.pb -rpx Pong_methodology_drc_routed.rpx
INFO: [Timing 38-35] Done setting XDC timing constraints.
INFO: [Timing 38-35] Done setting XDC timing constraints.
INFO: [DRC 23-133] Running Methodology with 2 threads
INFO: [Coretcl 2-1520] The results of Report Methodology are in file C:/Users/yongs/Desktop/EE2026/Final_Project/FDP/FDP.runs/impl_1/Pong_methodology_drc_routed.rpt.
report_methodology completed successfully
INFO: [runtcl-4] Executing : report_power -file Pong_power_routed.rpt -pb Pong_power_summary_routed.pb -rpx Pong_power_routed.rpx
Command: report_power -file Pong_power_routed.rpt -pb Pong_power_summary_routed.pb -rpx Pong_power_routed.rpx
INFO: [Timing 38-35] Done setting XDC timing constraints.
Running Vector-less Activity Propagation...

Finished Running Vector-less Activity Propagation
78 Infos, 1 Warnings, 0 Critical Warnings and 0 Errors encountered.
report_power completed successfully
INFO: [runtcl-4] Executing : report_route_status -file Pong_route_status.rpt -pb Pong_route_status.pb
INFO: [runtcl-4] Executing : report_timing_summary -max_paths 10 -file Pong_timing_summary_routed.rpt -pb Pong_timing_summary_routed.pb -rpx Pong_timing_summary_routed.rpx -warn_on_violation 
INFO: [Timing 38-91] UpdateTimingParams: Speed grade: -1, Delay Type: min_max, Timing Stage: Requireds.
INFO: [Timing 38-191] Multithreading enabled for timing update using a maximum of 2 CPUs
CRITICAL WARNING: [Timing 38-282] The design failed to meet the timing requirements. Please see the timing summary report for details on the timing violations.
INFO: [runtcl-4] Executing : report_incremental_reuse -file Pong_incremental_reuse_routed.rpt
INFO: [Vivado_Tcl 4-545] No incremental reuse to report, no incremental placement and routing data was found.
INFO: [runtcl-4] Executing : report_clock_utilization -file Pong_clock_utilization_routed.rpt
INFO: [runtcl-4] Executing : report_bus_skew -warn_on_violation -file Pong_bus_skew_routed.rpt -pb Pong_bus_skew_routed.pb -rpx Pong_bus_skew_routed.rpx
INFO: [Timing 38-91] UpdateTimingParams: Speed grade: -1, Delay Type: min_max, Timing Stage: Requireds.
INFO: [Timing 38-191] Multithreading enabled for timing update using a maximum of 2 CPUs
Command: write_bitstream -force Pong.bit
Attempting to get a license for feature 'Implementation' and/or device 'xc7a35t'
INFO: [Common 17-349] Got license for feature 'Implementation' and/or device 'xc7a35t'
Running DRC as a precondition to command write_bitstream
INFO: [DRC 23-27] Running DRC with 2 threads
INFO: [Vivado 12-3199] DRC finished with 0 Errors
INFO: [Vivado 12-3200] Please refer to the DRC report (report_drc) for more information.
INFO: [Designutils 20-2272] Running write_bitstream with 2 threads.
Loading data files...
Loading site data...
Loading route data...
Processing options...
Creating bitmap...
Creating bitstream...
Bitstream compression saved 13409760 bits.
Writing bitstream ./Pong.bit...
INFO: [Vivado 12-1842] Bitgen Completed Successfully.
INFO: [Project 1-120] WebTalk data collection is mandatory when using a WebPACK part without a full Vivado license. To see the specific WebTalk data collected for your design, open the usage_statistics_webtalk.html or usage_statistics_webtalk.xml file in the implementation directory.
INFO: [Common 17-83] Releasing license: Implementation
96 Infos, 1 Warnings, 1 Critical Warnings and 0 Errors encountered.
write_bitstream completed successfully
write_bitstream: Time (s): cpu = 00:00:06 ; elapsed = 00:00:08 . Memory (MB): peak = 1714.383 ; gain = 401.188
INFO: [Common 17-206] Exiting Vivado at Tue Mar 18 20:30:30 2025...
